{"D:\\I\\github\\imweb\\adam\\src\\mtfunit.js": {"path":"D:\\I\\github\\imweb\\adam\\src\\mtfunit.js","statementMap":{"0":{"start":{"line":8,"column":2},"end":{"line":8,"column":90}},"1":{"start":{"line":8,"column":59},"end":{"line":8,"column":90}},"2":{"start":{"line":9,"column":12},"end":{"line":9,"column":101}},"3":{"start":{"line":10,"column":2},"end":{"line":10,"column":58}},"4":{"start":{"line":19,"column":20},"end":{"line":19,"column":22}},"5":{"start":{"line":20,"column":2},"end":{"line":20,"column":208}},"6":{"start":{"line":20,"column":41},"end":{"line":20,"column":207}},"7":{"start":{"line":21,"column":2},"end":{"line":21,"column":30}},"8":{"start":{"line":30,"column":2},"end":{"line":30,"column":28}},"9":{"start":{"line":30,"column":17},"end":{"line":30,"column":28}},"10":{"start":{"line":31,"column":20},"end":{"line":31,"column":53}},"11":{"start":{"line":31,"column":60},"end":{"line":31,"column":62}},"12":{"start":{"line":32,"column":2},"end":{"line":41,"column":3}},"13":{"start":{"line":33,"column":19},"end":{"line":33,"column":48}},"14":{"start":{"line":33,"column":54},"end":{"line":33,"column":92}},"15":{"start":{"line":33,"column":100},"end":{"line":33,"column":102}},"16":{"start":{"line":34,"column":4},"end":{"line":37,"column":5}},"17":{"start":{"line":35,"column":6},"end":{"line":35,"column":48}},"18":{"start":{"line":35,"column":35},"end":{"line":35,"column":48}},"19":{"start":{"line":36,"column":6},"end":{"line":36,"column":16}},"20":{"start":{"line":38,"column":4},"end":{"line":38,"column":23}},"21":{"start":{"line":40,"column":4},"end":{"line":40,"column":15}},"22":{"start":{"line":51,"column":2},"end":{"line":51,"column":113}},"23":{"start":{"line":51,"column":71},"end":{"line":51,"column":106}},"24":{"start":{"line":61,"column":2},"end":{"line":61,"column":45}},"25":{"start":{"line":61,"column":34},"end":{"line":61,"column":45}},"26":{"start":{"line":62,"column":17},"end":{"line":62,"column":50}},"27":{"start":{"line":63,"column":2},"end":{"line":64,"column":22}},"28":{"start":{"line":63,"column":27},"end":{"line":63,"column":94}},"29":{"start":{"line":63,"column":40},"end":{"line":63,"column":41}},"30":{"start":{"line":63,"column":65},"end":{"line":63,"column":94}},"31":{"start":{"line":64,"column":7},"end":{"line":64,"column":22}},"32":{"start":{"line":65,"column":2},"end":{"line":65,"column":104}},"33":{"start":{"line":75,"column":2},"end":{"line":75,"column":108}},"34":{"start":{"line":75,"column":71},"end":{"line":75,"column":101}},"35":{"start":{"line":86,"column":2},"end":{"line":86,"column":111}},"36":{"start":{"line":86,"column":71},"end":{"line":86,"column":104}},"37":{"start":{"line":95,"column":2},"end":{"line":95,"column":32}},"38":{"start":{"line":95,"column":12},"end":{"line":95,"column":32}},"39":{"start":{"line":96,"column":2},"end":{"line":96,"column":11}},"40":{"start":{"line":97,"column":31},"end":{"line":97,"column":39}},"41":{"start":{"line":98,"column":16},"end":{"line":98,"column":59}},"42":{"start":{"line":99,"column":2},"end":{"line":109,"column":3}},"43":{"start":{"line":99,"column":15},"end":{"line":99,"column":16}},"44":{"start":{"line":99,"column":22},"end":{"line":99,"column":24}},"45":{"start":{"line":100,"column":14},"end":{"line":100,"column":20}},"46":{"start":{"line":101,"column":4},"end":{"line":108,"column":17}},"47":{"start":{"line":102,"column":6},"end":{"line":106,"column":7}},"48":{"start":{"line":103,"column":8},"end":{"line":103,"column":19}},"49":{"start":{"line":104,"column":13},"end":{"line":106,"column":7}},"50":{"start":{"line":105,"column":8},"end":{"line":105,"column":50}},"51":{"start":{"line":107,"column":6},"end":{"line":107,"column":12}},"52":{"start":{"line":108,"column":11},"end":{"line":108,"column":17}},"53":{"start":{"line":110,"column":2},"end":{"line":110,"column":39}},"54":{"start":{"line":120,"column":14},"end":{"line":120,"column":18}},"55":{"start":{"line":121,"column":2},"end":{"line":127,"column":3}},"56":{"start":{"line":122,"column":4},"end":{"line":122,"column":34}},"57":{"start":{"line":122,"column":15},"end":{"line":122,"column":34}},"58":{"start":{"line":123,"column":4},"end":{"line":126,"column":34}},"59":{"start":{"line":124,"column":6},"end":{"line":124,"column":18}},"60":{"start":{"line":125,"column":6},"end":{"line":125,"column":32}},"61":{"start":{"line":137,"column":14},"end":{"line":137,"column":18}},"62":{"start":{"line":138,"column":2},"end":{"line":144,"column":3}},"63":{"start":{"line":139,"column":4},"end":{"line":139,"column":21}},"64":{"start":{"line":139,"column":15},"end":{"line":139,"column":21}},"65":{"start":{"line":140,"column":4},"end":{"line":143,"column":34}},"66":{"start":{"line":141,"column":6},"end":{"line":141,"column":18}},"67":{"start":{"line":142,"column":6},"end":{"line":142,"column":32}},"68":{"start":{"line":154,"column":2},"end":{"line":154,"column":66}},"69":{"start":{"line":154,"column":56},"end":{"line":154,"column":66}},"70":{"start":{"line":155,"column":12},"end":{"line":155,"column":22}},"71":{"start":{"line":156,"column":2},"end":{"line":156,"column":12}},"72":{"start":{"line":157,"column":2},"end":{"line":157,"column":28}},"73":{"start":{"line":157,"column":18},"end":{"line":157,"column":28}},"74":{"start":{"line":158,"column":2},"end":{"line":158,"column":56}},"75":{"start":{"line":158,"column":17},"end":{"line":158,"column":56}},"76":{"start":{"line":159,"column":12},"end":{"line":159,"column":24}},"77":{"start":{"line":160,"column":2},"end":{"line":161,"column":36}},"78":{"start":{"line":160,"column":15},"end":{"line":160,"column":16}},"79":{"start":{"line":160,"column":22},"end":{"line":160,"column":23}},"80":{"start":{"line":161,"column":4},"end":{"line":161,"column":36}},"81":{"start":{"line":161,"column":21},"end":{"line":161,"column":36}},"82":{"start":{"line":162,"column":2},"end":{"line":162,"column":10}},"83":{"start":{"line":172,"column":2},"end":{"line":172,"column":37}},"84":{"start":{"line":172,"column":27},"end":{"line":172,"column":37}},"85":{"start":{"line":173,"column":12},"end":{"line":173,"column":22}},"86":{"start":{"line":173,"column":28},"end":{"line":173,"column":30}},"87":{"start":{"line":174,"column":2},"end":{"line":175,"column":41}},"88":{"start":{"line":174,"column":15},"end":{"line":174,"column":16}},"89":{"start":{"line":174,"column":22},"end":{"line":174,"column":23}},"90":{"start":{"line":175,"column":4},"end":{"line":175,"column":41}},"91":{"start":{"line":175,"column":26},"end":{"line":175,"column":41}},"92":{"start":{"line":176,"column":2},"end":{"line":176,"column":10}},"93":{"start":{"line":185,"column":12},"end":{"line":185,"column":66}},"94":{"start":{"line":186,"column":2},"end":{"line":186,"column":71}},"95":{"start":{"line":186,"column":39},"end":{"line":186,"column":70}},"96":{"start":{"line":196,"column":14},"end":{"line":196,"column":896}},"97":{"start":{"line":197,"column":2},"end":{"line":197,"column":102}},"98":{"start":{"line":206,"column":12},"end":{"line":206,"column":1286}},"99":{"start":{"line":207,"column":2},"end":{"line":207,"column":26}},"100":{"start":{"line":208,"column":10},"end":{"line":208,"column":12}},"101":{"start":{"line":208,"column":21},"end":{"line":208,"column":23}},"102":{"start":{"line":209,"column":2},"end":{"line":210,"column":98}},"103":{"start":{"line":210,"column":4},"end":{"line":210,"column":98}},"104":{"start":{"line":211,"column":2},"end":{"line":211,"column":10}},"105":{"start":{"line":220,"column":12},"end":{"line":220,"column":152}},"106":{"start":{"line":221,"column":14},"end":{"line":221,"column":76}},"107":{"start":{"line":221,"column":19},"end":{"line":221,"column":76}},"108":{"start":{"line":222,"column":2},"end":{"line":222,"column":22}},"109":{"start":{"line":223,"column":10},"end":{"line":223,"column":12}},"110":{"start":{"line":223,"column":21},"end":{"line":223,"column":23}},"111":{"start":{"line":224,"column":2},"end":{"line":225,"column":127}},"112":{"start":{"line":225,"column":4},"end":{"line":225,"column":127}},"113":{"start":{"line":226,"column":2},"end":{"line":226,"column":10}},"114":{"start":{"line":235,"column":19},"end":{"line":235,"column":40}},"115":{"start":{"line":236,"column":2},"end":{"line":245,"column":10}},"116":{"start":{"line":238,"column":32},"end":{"line":238,"column":44}},"117":{"start":{"line":239,"column":11},"end":{"line":240,"column":47}},"118":{"start":{"line":239,"column":32},"end":{"line":239,"column":49}},"119":{"start":{"line":240,"column":16},"end":{"line":240,"column":47}},"120":{"start":{"line":240,"column":34},"end":{"line":240,"column":47}},"121":{"start":{"line":241,"column":11},"end":{"line":241,"column":89}},"122":{"start":{"line":242,"column":11},"end":{"line":242,"column":35}},"123":{"start":{"line":244,"column":82},"end":{"line":244,"column":110}},"124":{"start":{"line":248,"column":0},"end":{"line":248,"column":235}}},"fnMap":{"0":{"name":"query","decl":{"start":{"line":7,"column":9},"end":{"line":7,"column":14}},"loc":{"start":{"line":7,"column":35},"end":{"line":11,"column":1}},"line":7},"1":{"name":"serialize","decl":{"start":{"line":18,"column":9},"end":{"line":18,"column":18}},"loc":{"start":{"line":18,"column":26},"end":{"line":22,"column":1}},"line":18},"2":{"name":"(anonymous_2)","decl":{"start":{"line":20,"column":34},"end":{"line":20,"column":35}},"loc":{"start":{"line":20,"column":41},"end":{"line":20,"column":207}},"line":20},"3":{"name":"$","decl":{"start":{"line":29,"column":9},"end":{"line":29,"column":10}},"loc":{"start":{"line":29,"column":22},"end":{"line":42,"column":1}},"line":29},"4":{"name":"removeNode","decl":{"start":{"line":50,"column":9},"end":{"line":50,"column":19}},"loc":{"start":{"line":50,"column":27},"end":{"line":52,"column":1}},"line":50},"5":{"name":"(anonymous_5)","decl":{"start":{"line":51,"column":63},"end":{"line":51,"column":64}},"loc":{"start":{"line":51,"column":71},"end":{"line":51,"column":106}},"line":51},"6":{"name":"insertAfter","decl":{"start":{"line":60,"column":9},"end":{"line":60,"column":20}},"loc":{"start":{"line":60,"column":36},"end":{"line":66,"column":1}},"line":60},"7":{"name":"addClass","decl":{"start":{"line":74,"column":9},"end":{"line":74,"column":17}},"loc":{"start":{"line":74,"column":36},"end":{"line":76,"column":1}},"line":74},"8":{"name":"(anonymous_8)","decl":{"start":{"line":75,"column":63},"end":{"line":75,"column":64}},"loc":{"start":{"line":75,"column":71},"end":{"line":75,"column":101}},"line":75},"9":{"name":"removeClass","decl":{"start":{"line":85,"column":9},"end":{"line":85,"column":20}},"loc":{"start":{"line":85,"column":39},"end":{"line":87,"column":1}},"line":85},"10":{"name":"(anonymous_10)","decl":{"start":{"line":86,"column":63},"end":{"line":86,"column":64}},"loc":{"start":{"line":86,"column":71},"end":{"line":86,"column":104}},"line":86},"11":{"name":"getAbsoluteUrl","decl":{"start":{"line":94,"column":9},"end":{"line":94,"column":23}},"loc":{"start":{"line":94,"column":30},"end":{"line":111,"column":1}},"line":94},"12":{"name":"debounce","decl":{"start":{"line":119,"column":9},"end":{"line":119,"column":17}},"loc":{"start":{"line":119,"column":35},"end":{"line":128,"column":1}},"line":119},"13":{"name":"(anonymous_13)","decl":{"start":{"line":121,"column":9},"end":{"line":121,"column":10}},"loc":{"start":{"line":121,"column":28},"end":{"line":127,"column":3}},"line":121},"14":{"name":"(anonymous_14)","decl":{"start":{"line":123,"column":23},"end":{"line":123,"column":24}},"loc":{"start":{"line":123,"column":29},"end":{"line":126,"column":5}},"line":123},"15":{"name":"throttle","decl":{"start":{"line":136,"column":9},"end":{"line":136,"column":17}},"loc":{"start":{"line":136,"column":35},"end":{"line":145,"column":1}},"line":136},"16":{"name":"(anonymous_16)","decl":{"start":{"line":138,"column":9},"end":{"line":138,"column":10}},"loc":{"start":{"line":138,"column":28},"end":{"line":144,"column":3}},"line":138},"17":{"name":"(anonymous_17)","decl":{"start":{"line":140,"column":23},"end":{"line":140,"column":24}},"loc":{"start":{"line":140,"column":29},"end":{"line":143,"column":5}},"line":140},"18":{"name":"removeItemByIndex","decl":{"start":{"line":153,"column":9},"end":{"line":153,"column":26}},"loc":{"start":{"line":153,"column":40},"end":{"line":163,"column":1}},"line":153},"19":{"name":"removeItemByValue","decl":{"start":{"line":171,"column":9},"end":{"line":171,"column":26}},"loc":{"start":{"line":171,"column":40},"end":{"line":177,"column":1}},"line":171},"20":{"name":"stringifyJSON","decl":{"start":{"line":184,"column":9},"end":{"line":184,"column":22}},"loc":{"start":{"line":184,"column":29},"end":{"line":187,"column":1}},"line":184},"21":{"name":"(anonymous_21)","decl":{"start":{"line":186,"column":29},"end":{"line":186,"column":30}},"loc":{"start":{"line":186,"column":39},"end":{"line":186,"column":70}},"line":186},"22":{"name":"delHtmlTag","decl":{"start":{"line":195,"column":9},"end":{"line":195,"column":19}},"loc":{"start":{"line":195,"column":27},"end":{"line":198,"column":1}},"line":195},"23":{"name":"htmlEncode","decl":{"start":{"line":205,"column":9},"end":{"line":205,"column":19}},"loc":{"start":{"line":205,"column":27},"end":{"line":212,"column":1}},"line":205},"24":{"name":"javaScriptEncode","decl":{"start":{"line":219,"column":9},"end":{"line":219,"column":25}},"loc":{"start":{"line":219,"column":31},"end":{"line":227,"column":1}},"line":219},"25":{"name":"(anonymous_25)","decl":{"start":{"line":221,"column":14},"end":{"line":221,"column":15}},"loc":{"start":{"line":221,"column":19},"end":{"line":221,"column":76}},"line":221},"26":{"name":"isRefererValid","decl":{"start":{"line":234,"column":9},"end":{"line":234,"column":23}},"loc":{"start":{"line":234,"column":72},"end":{"line":246,"column":1}},"line":234},"27":{"name":"(anonymous_27)","decl":{"start":{"line":237,"column":48},"end":{"line":237,"column":49}},"loc":{"start":{"line":237,"column":53},"end":{"line":243,"column":10}},"line":237},"28":{"name":"(anonymous_28)","decl":{"start":{"line":244,"column":65},"end":{"line":244,"column":66}},"loc":{"start":{"line":244,"column":82},"end":{"line":244,"column":110}},"line":244}},"branchMap":{"0":{"loc":{"start":{"line":8,"column":2},"end":{"line":8,"column":90}},"type":"if","locations":[{"start":{"line":8,"column":2},"end":{"line":8,"column":90}},{"start":{"line":8,"column":2},"end":{"line":8,"column":90}}],"line":8},"1":{"loc":{"start":{"line":8,"column":6},"end":{"line":8,"column":57}},"type":"binary-expr","locations":[{"start":{"line":8,"column":6},"end":{"line":8,"column":10}},{"start":{"line":8,"column":14},"end":{"line":8,"column":57}}],"line":8},"2":{"loc":{"start":{"line":10,"column":9},"end":{"line":10,"column":58}},"type":"cond-expr","locations":[{"start":{"line":10,"column":22},"end":{"line":10,"column":31}},{"start":{"line":10,"column":34},"end":{"line":10,"column":58}}],"line":10},"3":{"loc":{"start":{"line":20,"column":14},"end":{"line":20,"column":24}},"type":"binary-expr","locations":[{"start":{"line":20,"column":14},"end":{"line":20,"column":18}},{"start":{"line":20,"column":22},"end":{"line":20,"column":24}}],"line":20},"4":{"loc":{"start":{"line":20,"column":41},"end":{"line":20,"column":207}},"type":"binary-expr","locations":[{"start":{"line":20,"column":41},"end":{"line":20,"column":64}},{"start":{"line":20,"column":68},"end":{"line":20,"column":207}}],"line":20},"5":{"loc":{"start":{"line":20,"column":136},"end":{"line":20,"column":205}},"type":"cond-expr","locations":[{"start":{"line":20,"column":168},"end":{"line":20,"column":193}},{"start":{"line":20,"column":196},"end":{"line":20,"column":205}}],"line":20},"6":{"loc":{"start":{"line":30,"column":2},"end":{"line":30,"column":28}},"type":"if","locations":[{"start":{"line":30,"column":2},"end":{"line":30,"column":28}},{"start":{"line":30,"column":2},"end":{"line":30,"column":28}}],"line":30},"7":{"loc":{"start":{"line":34,"column":4},"end":{"line":37,"column":5}},"type":"if","locations":[{"start":{"line":34,"column":4},"end":{"line":37,"column":5}},{"start":{"line":34,"column":4},"end":{"line":37,"column":5}}],"line":34},"8":{"loc":{"start":{"line":35,"column":13},"end":{"line":35,"column":33}},"type":"binary-expr","locations":[{"start":{"line":35,"column":13},"end":{"line":35,"column":25}},{"start":{"line":35,"column":29},"end":{"line":35,"column":33}}],"line":35},"9":{"loc":{"start":{"line":38,"column":11},"end":{"line":38,"column":23}},"type":"binary-expr","locations":[{"start":{"line":38,"column":11},"end":{"line":38,"column":15}},{"start":{"line":38,"column":19},"end":{"line":38,"column":23}}],"line":38},"10":{"loc":{"start":{"line":51,"column":10},"end":{"line":51,"column":57}},"type":"cond-expr","locations":[{"start":{"line":51,"column":32},"end":{"line":51,"column":48}},{"start":{"line":51,"column":51},"end":{"line":51,"column":57}}],"line":51},"11":{"loc":{"start":{"line":51,"column":10},"end":{"line":51,"column":29}},"type":"binary-expr","locations":[{"start":{"line":51,"column":10},"end":{"line":51,"column":14}},{"start":{"line":51,"column":18},"end":{"line":51,"column":29}}],"line":51},"12":{"loc":{"start":{"line":61,"column":2},"end":{"line":61,"column":45}},"type":"if","locations":[{"start":{"line":61,"column":2},"end":{"line":61,"column":45}},{"start":{"line":61,"column":2},"end":{"line":61,"column":45}}],"line":61},"13":{"loc":{"start":{"line":61,"column":6},"end":{"line":61,"column":32}},"type":"binary-expr","locations":[{"start":{"line":61,"column":6},"end":{"line":61,"column":11}},{"start":{"line":61,"column":15},"end":{"line":61,"column":32}}],"line":61},"14":{"loc":{"start":{"line":63,"column":2},"end":{"line":64,"column":22}},"type":"if","locations":[{"start":{"line":63,"column":2},"end":{"line":64,"column":22}},{"start":{"line":63,"column":2},"end":{"line":64,"column":22}}],"line":63},"15":{"loc":{"start":{"line":63,"column":6},"end":{"line":63,"column":25}},"type":"binary-expr","locations":[{"start":{"line":63,"column":6},"end":{"line":63,"column":10}},{"start":{"line":63,"column":14},"end":{"line":63,"column":25}}],"line":63},"16":{"loc":{"start":{"line":65,"column":10},"end":{"line":65,"column":45}},"type":"binary-expr","locations":[{"start":{"line":65,"column":10},"end":{"line":65,"column":28}},{"start":{"line":65,"column":32},"end":{"line":65,"column":45}}],"line":65},"17":{"loc":{"start":{"line":65,"column":70},"end":{"line":65,"column":97}},"type":"binary-expr","locations":[{"start":{"line":65,"column":70},"end":{"line":65,"column":89}},{"start":{"line":65,"column":93},"end":{"line":65,"column":97}}],"line":65},"18":{"loc":{"start":{"line":75,"column":10},"end":{"line":75,"column":57}},"type":"cond-expr","locations":[{"start":{"line":75,"column":32},"end":{"line":75,"column":48}},{"start":{"line":75,"column":51},"end":{"line":75,"column":57}}],"line":75},"19":{"loc":{"start":{"line":75,"column":10},"end":{"line":75,"column":29}},"type":"binary-expr","locations":[{"start":{"line":75,"column":10},"end":{"line":75,"column":14}},{"start":{"line":75,"column":18},"end":{"line":75,"column":29}}],"line":75},"20":{"loc":{"start":{"line":86,"column":10},"end":{"line":86,"column":57}},"type":"cond-expr","locations":[{"start":{"line":86,"column":32},"end":{"line":86,"column":48}},{"start":{"line":86,"column":51},"end":{"line":86,"column":57}}],"line":86},"21":{"loc":{"start":{"line":86,"column":10},"end":{"line":86,"column":29}},"type":"binary-expr","locations":[{"start":{"line":86,"column":10},"end":{"line":86,"column":14}},{"start":{"line":86,"column":18},"end":{"line":86,"column":29}}],"line":86},"22":{"loc":{"start":{"line":95,"column":2},"end":{"line":95,"column":32}},"type":"if","locations":[{"start":{"line":95,"column":2},"end":{"line":95,"column":32}},{"start":{"line":95,"column":2},"end":{"line":95,"column":32}}],"line":95},"23":{"loc":{"start":{"line":101,"column":4},"end":{"line":108,"column":17}},"type":"if","locations":[{"start":{"line":101,"column":4},"end":{"line":108,"column":17}},{"start":{"line":101,"column":4},"end":{"line":108,"column":17}}],"line":101},"24":{"loc":{"start":{"line":101,"column":8},"end":{"line":101,"column":33}},"type":"binary-expr","locations":[{"start":{"line":101,"column":8},"end":{"line":101,"column":17}},{"start":{"line":101,"column":21},"end":{"line":101,"column":33}}],"line":101},"25":{"loc":{"start":{"line":102,"column":6},"end":{"line":106,"column":7}},"type":"if","locations":[{"start":{"line":102,"column":6},"end":{"line":106,"column":7}},{"start":{"line":102,"column":6},"end":{"line":106,"column":7}}],"line":102},"26":{"loc":{"start":{"line":104,"column":13},"end":{"line":106,"column":7}},"type":"if","locations":[{"start":{"line":104,"column":13},"end":{"line":106,"column":7}},{"start":{"line":104,"column":13},"end":{"line":106,"column":7}}],"line":104},"27":{"loc":{"start":{"line":105,"column":8},"end":{"line":105,"column":50}},"type":"cond-expr","locations":[{"start":{"line":105,"column":18},"end":{"line":105,"column":34}},{"start":{"line":105,"column":37},"end":{"line":105,"column":50}}],"line":105},"28":{"loc":{"start":{"line":122,"column":4},"end":{"line":122,"column":34}},"type":"if","locations":[{"start":{"line":122,"column":4},"end":{"line":122,"column":34}},{"start":{"line":122,"column":4},"end":{"line":122,"column":34}}],"line":122},"29":{"loc":{"start":{"line":126,"column":7},"end":{"line":126,"column":33}},"type":"binary-expr","locations":[{"start":{"line":126,"column":7},"end":{"line":126,"column":20}},{"start":{"line":126,"column":24},"end":{"line":126,"column":33}}],"line":126},"30":{"loc":{"start":{"line":139,"column":4},"end":{"line":139,"column":21}},"type":"if","locations":[{"start":{"line":139,"column":4},"end":{"line":139,"column":21}},{"start":{"line":139,"column":4},"end":{"line":139,"column":21}}],"line":139},"31":{"loc":{"start":{"line":143,"column":7},"end":{"line":143,"column":33}},"type":"binary-expr","locations":[{"start":{"line":143,"column":7},"end":{"line":143,"column":20}},{"start":{"line":143,"column":24},"end":{"line":143,"column":33}}],"line":143},"32":{"loc":{"start":{"line":154,"column":2},"end":{"line":154,"column":66}},"type":"if","locations":[{"start":{"line":154,"column":2},"end":{"line":154,"column":66}},{"start":{"line":154,"column":2},"end":{"line":154,"column":66}}],"line":154},"33":{"loc":{"start":{"line":154,"column":6},"end":{"line":154,"column":54}},"type":"binary-expr","locations":[{"start":{"line":154,"column":6},"end":{"line":154,"column":10}},{"start":{"line":154,"column":14},"end":{"line":154,"column":25}},{"start":{"line":154,"column":29},"end":{"line":154,"column":54}}],"line":154},"34":{"loc":{"start":{"line":157,"column":2},"end":{"line":157,"column":28}},"type":"if","locations":[{"start":{"line":157,"column":2},"end":{"line":157,"column":28}},{"start":{"line":157,"column":2},"end":{"line":157,"column":28}}],"line":157},"35":{"loc":{"start":{"line":158,"column":2},"end":{"line":158,"column":56}},"type":"if","locations":[{"start":{"line":158,"column":2},"end":{"line":158,"column":56}},{"start":{"line":158,"column":2},"end":{"line":158,"column":56}}],"line":158},"36":{"loc":{"start":{"line":158,"column":25},"end":{"line":158,"column":56}},"type":"cond-expr","locations":[{"start":{"line":158,"column":39},"end":{"line":158,"column":40}},{"start":{"line":158,"column":43},"end":{"line":158,"column":56}}],"line":158},"37":{"loc":{"start":{"line":161,"column":4},"end":{"line":161,"column":36}},"type":"if","locations":[{"start":{"line":161,"column":4},"end":{"line":161,"column":36}},{"start":{"line":161,"column":4},"end":{"line":161,"column":36}}],"line":161},"38":{"loc":{"start":{"line":172,"column":2},"end":{"line":172,"column":37}},"type":"if","locations":[{"start":{"line":172,"column":2},"end":{"line":172,"column":37}},{"start":{"line":172,"column":2},"end":{"line":172,"column":37}}],"line":172},"39":{"loc":{"start":{"line":172,"column":6},"end":{"line":172,"column":25}},"type":"binary-expr","locations":[{"start":{"line":172,"column":6},"end":{"line":172,"column":10}},{"start":{"line":172,"column":14},"end":{"line":172,"column":25}}],"line":172},"40":{"loc":{"start":{"line":175,"column":4},"end":{"line":175,"column":41}},"type":"if","locations":[{"start":{"line":175,"column":4},"end":{"line":175,"column":41}},{"start":{"line":175,"column":4},"end":{"line":175,"column":41}}],"line":175},"41":{"loc":{"start":{"line":186,"column":39},"end":{"line":186,"column":70}},"type":"cond-expr","locations":[{"start":{"line":186,"column":57},"end":{"line":186,"column":66}},{"start":{"line":186,"column":69},"end":{"line":186,"column":70}}],"line":186},"42":{"loc":{"start":{"line":197,"column":11},"end":{"line":197,"column":21}},"type":"binary-expr","locations":[{"start":{"line":197,"column":11},"end":{"line":197,"column":15}},{"start":{"line":197,"column":19},"end":{"line":197,"column":21}}],"line":197},"43":{"loc":{"start":{"line":207,"column":10},"end":{"line":207,"column":20}},"type":"binary-expr","locations":[{"start":{"line":207,"column":10},"end":{"line":207,"column":14}},{"start":{"line":207,"column":18},"end":{"line":207,"column":20}}],"line":207},"44":{"loc":{"start":{"line":210,"column":9},"end":{"line":210,"column":98}},"type":"binary-expr","locations":[{"start":{"line":210,"column":9},"end":{"line":210,"column":34}},{"start":{"line":210,"column":39},"end":{"line":210,"column":97}}],"line":210},"45":{"loc":{"start":{"line":210,"column":39},"end":{"line":210,"column":97}},"type":"cond-expr","locations":[{"start":{"line":210,"column":49},"end":{"line":210,"column":87}},{"start":{"line":210,"column":90},"end":{"line":210,"column":97}}],"line":210},"46":{"loc":{"start":{"line":221,"column":19},"end":{"line":221,"column":76}},"type":"binary-expr","locations":[{"start":{"line":221,"column":19},"end":{"line":221,"column":25}},{"start":{"line":221,"column":29},"end":{"line":221,"column":35}},{"start":{"line":221,"column":39},"end":{"line":221,"column":45}},{"start":{"line":221,"column":49},"end":{"line":221,"column":55}},{"start":{"line":221,"column":59},"end":{"line":221,"column":65}},{"start":{"line":221,"column":69},"end":{"line":221,"column":76}}],"line":221},"47":{"loc":{"start":{"line":222,"column":8},"end":{"line":222,"column":16}},"type":"binary-expr","locations":[{"start":{"line":222,"column":8},"end":{"line":222,"column":10}},{"start":{"line":222,"column":14},"end":{"line":222,"column":16}}],"line":222},"48":{"loc":{"start":{"line":225,"column":9},"end":{"line":225,"column":127}},"type":"binary-expr","locations":[{"start":{"line":225,"column":9},"end":{"line":225,"column":32}},{"start":{"line":225,"column":37},"end":{"line":225,"column":126}}],"line":225},"49":{"loc":{"start":{"line":225,"column":37},"end":{"line":225,"column":126}},"type":"cond-expr","locations":[{"start":{"line":225,"column":47},"end":{"line":225,"column":84}},{"start":{"line":225,"column":87},"end":{"line":225,"column":126}}],"line":225},"50":{"loc":{"start":{"line":225,"column":87},"end":{"line":225,"column":126}},"type":"cond-expr","locations":[{"start":{"line":225,"column":96},"end":{"line":225,"column":101}},{"start":{"line":225,"column":104},"end":{"line":225,"column":126}}],"line":225},"51":{"loc":{"start":{"line":234,"column":37},"end":{"line":234,"column":52}},"type":"default-arg","locations":[{"start":{"line":234,"column":48},"end":{"line":234,"column":52}}],"line":234},"52":{"loc":{"start":{"line":234,"column":54},"end":{"line":234,"column":68}},"type":"default-arg","locations":[{"start":{"line":234,"column":66},"end":{"line":234,"column":68}}],"line":234},"53":{"loc":{"start":{"line":236,"column":9},"end":{"line":245,"column":10}},"type":"binary-expr","locations":[{"start":{"line":236,"column":9},"end":{"line":236,"column":17}},{"start":{"line":236,"column":21},"end":{"line":236,"column":29}},{"start":{"line":237,"column":9},"end":{"line":245,"column":10}}],"line":236},"54":{"loc":{"start":{"line":239,"column":11},"end":{"line":240,"column":47}},"type":"if","locations":[{"start":{"line":239,"column":11},"end":{"line":240,"column":47}},{"start":{"line":239,"column":11},"end":{"line":240,"column":47}}],"line":239},"55":{"loc":{"start":{"line":240,"column":16},"end":{"line":240,"column":47}},"type":"if","locations":[{"start":{"line":240,"column":16},"end":{"line":240,"column":47}},{"start":{"line":240,"column":16},"end":{"line":240,"column":47}}],"line":240},"56":{"loc":{"start":{"line":244,"column":89},"end":{"line":244,"column":103}},"type":"cond-expr","locations":[{"start":{"line":244,"column":95},"end":{"line":244,"column":98}},{"start":{"line":244,"column":101},"end":{"line":244,"column":103}}],"line":244}},"s":{"0":9,"1":1,"2":9,"3":9,"4":10,"5":10,"6":10,"7":10,"8":82,"9":34,"10":48,"11":48,"12":48,"13":48,"14":48,"15":36,"16":36,"17":12,"18":20,"19":12,"20":24,"21":12,"22":13,"23":14,"24":6,"25":2,"26":4,"27":4,"28":3,"29":3,"30":6,"31":1,"32":4,"33":5,"34":6,"35":5,"36":6,"37":12,"38":3,"39":9,"40":9,"41":9,"42":9,"43":9,"44":9,"45":171,"46":171,"47":34,"48":14,"49":20,"50":14,"51":34,"52":137,"53":9,"54":8,"55":8,"56":80,"57":18,"58":80,"59":62,"60":62,"61":8,"62":8,"63":80,"64":10,"65":70,"66":70,"67":70,"68":21,"69":5,"70":16,"71":16,"72":16,"73":2,"74":14,"75":3,"76":14,"77":14,"78":14,"79":14,"80":42,"81":28,"82":14,"83":15,"84":4,"85":11,"86":11,"87":11,"88":11,"89":11,"90":33,"91":29,"92":11,"93":7,"94":7,"95":14,"96":10,"97":10,"98":12,"99":12,"100":12,"101":12,"102":12,"103":328,"104":12,"105":11,"106":11,"107":145,"108":11,"109":11,"110":11,"111":11,"112":170,"113":11,"114":45,"115":45,"116":42,"117":42,"118":20,"119":22,"120":3,"121":42,"122":42,"123":30,"124":1},"f":{"0":9,"1":10,"2":10,"3":82,"4":13,"5":14,"6":6,"7":5,"8":6,"9":5,"10":6,"11":12,"12":8,"13":80,"14":62,"15":8,"16":80,"17":70,"18":21,"19":15,"20":7,"21":14,"22":10,"23":12,"24":11,"25":145,"26":45,"27":42,"28":30},"b":{"0":[1,8],"1":[9,7],"2":[3,6],"3":[10,2],"4":[10,10],"5":[3,7],"6":[34,48],"7":[12,24],"8":[32,22],"9":[24,4],"10":[1,12],"11":[13,5],"12":[2,4],"13":[6,5],"14":[3,1],"15":[4,4],"16":[4,2],"17":[4,2],"18":[1,4],"19":[5,2],"20":[1,4],"21":[5,2],"22":[3,9],"23":[34,137],"24":[171,146],"25":[14,20],"26":[14,6],"27":[2,12],"28":[18,62],"29":[80,50],"30":[10,70],"31":[70,50],"32":[5,16],"33":[21,19,17],"34":[2,14],"35":[3,11],"36":[1,2],"37":[28,14],"38":[4,11],"39":[15,13],"40":[29,4],"41":[7,7],"42":[10,3],"43":[12,3],"44":[328,273],"45":[6,267],"46":[145,100,129,71,127,66],"47":[11,3],"48":[170,152],"49":[7,145],"50":[78,67],"51":[44],"52":[3],"53":[45,44,44],"54":[20,22],"55":[3,19],"56":[16,14]},"_coverageSchema":"1a1c01bbd47fc00a2c39e90264f33305004495a9","hash":"ebce83b526f2bf7d160815c669095482ce10f91a"}
}
