TN:
SF:src\mtfunit.js
FN:7,query
FN:18,serialize
FN:20,(anonymous_2)
FN:29,$
FN:50,removeNode
FN:51,(anonymous_5)
FN:60,insertAfter
FN:74,addClass
FN:75,(anonymous_8)
FN:85,removeClass
FN:86,(anonymous_10)
FN:94,getAbsoluteUrl
FN:119,debounce
FN:121,(anonymous_13)
FN:123,(anonymous_14)
FN:136,throttle
FN:138,(anonymous_16)
FN:140,(anonymous_17)
FN:153,removeItemByIndex
FN:171,removeItemByValue
FN:184,stringifyJSON
FN:186,(anonymous_21)
FN:195,delHtmlTag
FN:205,htmlEncode
FN:219,javaScriptEncode
FN:221,(anonymous_25)
FN:234,isRefererValid
FN:237,(anonymous_27)
FN:244,(anonymous_28)
FNF:29
FNH:29
FNDA:9,query
FNDA:10,serialize
FNDA:10,(anonymous_2)
FNDA:82,$
FNDA:13,removeNode
FNDA:14,(anonymous_5)
FNDA:6,insertAfter
FNDA:5,addClass
FNDA:6,(anonymous_8)
FNDA:5,removeClass
FNDA:6,(anonymous_10)
FNDA:12,getAbsoluteUrl
FNDA:8,debounce
FNDA:80,(anonymous_13)
FNDA:62,(anonymous_14)
FNDA:8,throttle
FNDA:80,(anonymous_16)
FNDA:70,(anonymous_17)
FNDA:21,removeItemByIndex
FNDA:15,removeItemByValue
FNDA:7,stringifyJSON
FNDA:14,(anonymous_21)
FNDA:10,delHtmlTag
FNDA:12,htmlEncode
FNDA:11,javaScriptEncode
FNDA:145,(anonymous_25)
FNDA:45,isRefererValid
FNDA:42,(anonymous_27)
FNDA:30,(anonymous_28)
DA:8,9
DA:9,9
DA:10,9
DA:19,10
DA:20,10
DA:21,10
DA:30,82
DA:31,48
DA:32,48
DA:33,48
DA:34,36
DA:35,20
DA:36,12
DA:38,24
DA:40,12
DA:51,14
DA:61,6
DA:62,4
DA:63,6
DA:64,1
DA:65,4
DA:75,6
DA:86,6
DA:95,12
DA:96,9
DA:97,9
DA:98,9
DA:99,9
DA:100,171
DA:101,171
DA:102,34
DA:103,14
DA:104,20
DA:105,14
DA:107,34
DA:108,137
DA:110,9
DA:120,8
DA:121,8
DA:122,80
DA:123,80
DA:124,62
DA:125,62
DA:137,8
DA:138,8
DA:139,80
DA:140,70
DA:141,70
DA:142,70
DA:154,21
DA:155,16
DA:156,16
DA:157,16
DA:158,14
DA:159,14
DA:160,14
DA:161,42
DA:162,14
DA:172,15
DA:173,11
DA:174,11
DA:175,33
DA:176,11
DA:185,7
DA:186,14
DA:196,10
DA:197,10
DA:206,12
DA:207,12
DA:208,12
DA:209,12
DA:210,328
DA:211,12
DA:220,11
DA:221,145
DA:222,11
DA:223,11
DA:224,11
DA:225,170
DA:226,11
DA:235,45
DA:236,45
DA:238,42
DA:239,42
DA:240,22
DA:241,42
DA:242,42
DA:244,30
DA:248,1
LF:89
LH:89
BRDA:8,0,0,1
BRDA:8,0,1,8
BRDA:8,1,0,9
BRDA:8,1,1,7
BRDA:10,2,0,3
BRDA:10,2,1,6
BRDA:20,3,0,10
BRDA:20,3,1,2
BRDA:20,4,0,10
BRDA:20,4,1,10
BRDA:20,5,0,3
BRDA:20,5,1,7
BRDA:30,6,0,34
BRDA:30,6,1,48
BRDA:34,7,0,12
BRDA:34,7,1,24
BRDA:35,8,0,32
BRDA:35,8,1,22
BRDA:38,9,0,24
BRDA:38,9,1,4
BRDA:51,10,0,1
BRDA:51,10,1,12
BRDA:51,11,0,13
BRDA:51,11,1,5
BRDA:61,12,0,2
BRDA:61,12,1,4
BRDA:61,13,0,6
BRDA:61,13,1,5
BRDA:63,14,0,3
BRDA:63,14,1,1
BRDA:63,15,0,4
BRDA:63,15,1,4
BRDA:65,16,0,4
BRDA:65,16,1,2
BRDA:65,17,0,4
BRDA:65,17,1,2
BRDA:75,18,0,1
BRDA:75,18,1,4
BRDA:75,19,0,5
BRDA:75,19,1,2
BRDA:86,20,0,1
BRDA:86,20,1,4
BRDA:86,21,0,5
BRDA:86,21,1,2
BRDA:95,22,0,3
BRDA:95,22,1,9
BRDA:101,23,0,34
BRDA:101,23,1,137
BRDA:101,24,0,171
BRDA:101,24,1,146
BRDA:102,25,0,14
BRDA:102,25,1,20
BRDA:104,26,0,14
BRDA:104,26,1,6
BRDA:105,27,0,2
BRDA:105,27,1,12
BRDA:122,28,0,18
BRDA:122,28,1,62
BRDA:126,29,0,80
BRDA:126,29,1,50
BRDA:139,30,0,10
BRDA:139,30,1,70
BRDA:143,31,0,70
BRDA:143,31,1,50
BRDA:154,32,0,5
BRDA:154,32,1,16
BRDA:154,33,0,21
BRDA:154,33,1,19
BRDA:154,33,2,17
BRDA:157,34,0,2
BRDA:157,34,1,14
BRDA:158,35,0,3
BRDA:158,35,1,11
BRDA:158,36,0,1
BRDA:158,36,1,2
BRDA:161,37,0,28
BRDA:161,37,1,14
BRDA:172,38,0,4
BRDA:172,38,1,11
BRDA:172,39,0,15
BRDA:172,39,1,13
BRDA:175,40,0,29
BRDA:175,40,1,4
BRDA:186,41,0,7
BRDA:186,41,1,7
BRDA:197,42,0,10
BRDA:197,42,1,3
BRDA:207,43,0,12
BRDA:207,43,1,3
BRDA:210,44,0,328
BRDA:210,44,1,273
BRDA:210,45,0,6
BRDA:210,45,1,267
BRDA:221,46,0,145
BRDA:221,46,1,100
BRDA:221,46,2,129
BRDA:221,46,3,71
BRDA:221,46,4,127
BRDA:221,46,5,66
BRDA:222,47,0,11
BRDA:222,47,1,3
BRDA:225,48,0,170
BRDA:225,48,1,152
BRDA:225,49,0,7
BRDA:225,49,1,145
BRDA:225,50,0,78
BRDA:225,50,1,67
BRDA:234,51,0,44
BRDA:234,52,0,3
BRDA:236,53,0,45
BRDA:236,53,1,44
BRDA:236,53,2,44
BRDA:239,54,0,20
BRDA:239,54,1,22
BRDA:240,55,0,3
BRDA:240,55,1,19
BRDA:244,56,0,16
BRDA:244,56,1,14
BRF:118
BRH:118
end_of_record
